[debug] [2020-03-24T21:31:14.996Z] ----------------------------------------------------------------------
[debug] [2020-03-24T21:31:14.998Z] Command:       /home/insane/.nvm/versions/node/v12.16.1/bin/node /home/insane/.nvm/versions/node/v12.16.1/bin/firebase init
[debug] [2020-03-24T21:31:14.998Z] CLI Version:   7.16.0
[debug] [2020-03-24T21:31:14.998Z] Platform:      linux
[debug] [2020-03-24T21:31:14.998Z] Node Version:  v12.16.1
[debug] [2020-03-24T21:31:14.999Z] Time:          Wed Mar 25 2020 03:01:14 GMT+0530 (India Standard Time)
[debug] [2020-03-24T21:31:14.999Z] ----------------------------------------------------------------------
[debug] [2020-03-24T21:31:14.999Z] 
[debug] [2020-03-24T21:31:15.003Z] > command requires scopes: ["email","openid","https://www.googleapis.com/auth/cloudplatformprojects.readonly","https://www.googleapis.com/auth/firebase","https://www.googleapis.com/auth/cloud-platform"]
[debug] [2020-03-24T21:31:15.004Z] > authorizing via signed-in user
[info] 
     ######## #### ########  ######## ########     ###     ######  ########
     ##        ##  ##     ## ##       ##     ##  ##   ##  ##       ##
     ######    ##  ########  ######   ########  #########  ######  ######
     ##        ##  ##    ##  ##       ##     ## ##     ##       ## ##
     ##       #### ##     ## ######## ########  ##     ##  ######  ########

You're about to initialize a Firebase project in this directory:

  /home/insane/Desktop/Practice Full stack/healthcare-ai

[info] 
=== Project Setup
[info] 
[info] First, let's associate this project directory with a Firebase project.
[info] You can create multiple project aliases by running firebase use --add, 
[info] but for now we'll just set up a default project.
[info] 
[info] i  If you want to create a project in a Google Cloud organization or folder, please use "firebase projects:create" instead, and return to this command when you've created the project.
[debug] [2020-03-24T21:31:36.500Z] > refreshing access token with scopes: ["email","https://www.googleapis.com/auth/cloud-platform","https://www.googleapis.com/auth/cloudplatformprojects.readonly","https://www.googleapis.com/auth/firebase","openid"]
[debug] [2020-03-24T21:31:36.500Z] >>> HTTP REQUEST POST https://www.googleapis.com/oauth2/v3/token  
 <request body omitted>
[debug] [2020-03-24T21:31:36.785Z] <<< HTTP RESPONSE 400
[debug] [2020-03-24T21:31:36.794Z] >>> HTTP REQUEST POST https://cloudresourcemanager.googleapis.com/v1/projects  

[debug] [2020-03-24T21:31:38.580Z] <<< HTTP RESPONSE 401
[debug] [2020-03-24T21:31:38.583Z] <<< HTTP RESPONSE BODY
[debug] [2020-03-24T21:31:38.586Z] HTTP Error: 401, Request had invalid authentication credentials. Expected OAuth 2 access token, login cookie or other valid authentication credential. See https://developers.google.com/identity/sign-in/web/devconsole-project.
[debug] [2020-03-24T21:31:38.787Z] FirebaseError: HTTP Error: 401, Request had invalid authentication credentials. Expected OAuth 2 access token, login cookie or other valid authentication credential. See https://developers.google.com/identity/sign-in/web/devconsole-project.
    at module.exports (/home/insane/.nvm/versions/node/v12.16.1/lib/node_modules/firebase-tools/lib/responseToError.js:38:12)
    at Request._callback (/home/insane/.nvm/versions/node/v12.16.1/lib/node_modules/firebase-tools/lib/api.js:40:35)
    at Request.self.callback (/home/insane/.nvm/versions/node/v12.16.1/lib/node_modules/firebase-tools/node_modules/request/request.js:185:22)
    at Request.emit (events.js:311:20)
    at Request.EventEmitter.emit (domain.js:482:12)
    at Request.<anonymous> (/home/insane/.nvm/versions/node/v12.16.1/lib/node_modules/firebase-tools/node_modules/request/request.js:1154:10)
    at Request.emit (events.js:311:20)
    at Request.EventEmitter.emit (domain.js:482:12)
    at IncomingMessage.<anonymous> (/home/insane/.nvm/versions/node/v12.16.1/lib/node_modules/firebase-tools/node_modules/request/request.js:1076:12)
    at Object.onceWrapper (events.js:417:28)
    at IncomingMessage.emit (events.js:323:22)
    at IncomingMessage.EventEmitter.emit (domain.js:482:12)
    at endReadableNT (_stream_readable.js:1204:12)
    at processTicksAndRejections (internal/process/task_queues.js:84:21)
[error] 
[error] Error: Failed to create Google Cloud project. See firebase-debug.log for more info.
[debug] [2020-03-24T21:31:52.707Z] ----------------------------------------------------------------------
[debug] [2020-03-24T21:31:52.710Z] Command:       /home/insane/.nvm/versions/node/v12.16.1/bin/node /home/insane/.nvm/versions/node/v12.16.1/bin/firebase init
[debug] [2020-03-24T21:31:52.710Z] CLI Version:   7.16.0
[debug] [2020-03-24T21:31:52.710Z] Platform:      linux
[debug] [2020-03-24T21:31:52.710Z] Node Version:  v12.16.1
[debug] [2020-03-24T21:31:52.711Z] Time:          Wed Mar 25 2020 03:01:52 GMT+0530 (India Standard Time)
[debug] [2020-03-24T21:31:52.711Z] ----------------------------------------------------------------------
[debug] [2020-03-24T21:31:52.711Z] 
[debug] [2020-03-24T21:31:52.715Z] > command requires scopes: ["email","openid","https://www.googleapis.com/auth/cloudplatformprojects.readonly","https://www.googleapis.com/auth/firebase","https://www.googleapis.com/auth/cloud-platform"]
[debug] [2020-03-24T21:31:52.716Z] > authorizing via signed-in user
[info] 
     ######## #### ########  ######## ########     ###     ######  ########
     ##        ##  ##     ## ##       ##     ##  ##   ##  ##       ##
     ######    ##  ########  ######   ########  #########  ######  ######
     ##        ##  ##    ##  ##       ##     ## ##     ##       ## ##
     ##       #### ##     ## ######## ########  ##     ##  ######  ########

You're about to initialize a Firebase project in this directory:

  /home/insane/Desktop/Practice Full stack/healthcare-ai

[info] 
=== Project Setup
[info] 
[info] First, let's associate this project directory with a Firebase project.
[info] You can create multiple project aliases by running firebase use --add, 
[info] but for now we'll just set up a default project.
[info] 
[debug] [2020-03-24T21:32:05.336Z] > refreshing access token with scopes: ["email","https://www.googleapis.com/auth/cloud-platform","https://www.googleapis.com/auth/cloudplatformprojects.readonly","https://www.googleapis.com/auth/firebase","openid"]
[debug] [2020-03-24T21:32:05.338Z] >>> HTTP REQUEST POST https://www.googleapis.com/oauth2/v3/token  
 <request body omitted>
[debug] [2020-03-24T21:32:05.643Z] <<< HTTP RESPONSE 400
[debug] [2020-03-24T21:32:05.647Z] >>> HTTP REQUEST GET https://firebase.googleapis.com/v1beta1/availableProjects?pageSize=100  
 
[debug] [2020-03-24T21:32:05.856Z] <<< HTTP RESPONSE 401
[debug] [2020-03-24T21:32:05.857Z] <<< HTTP RESPONSE BODY
[debug] [2020-03-24T21:32:05.861Z] HTTP Error: 401, Request had invalid authentication credentials. Expected OAuth 2 access token, login cookie or other valid authentication credential. See https://developers.google.com/identity/sign-in/web/devconsole-project.
[debug] [2020-03-24T21:32:06.067Z] FirebaseError: HTTP Error: 401, Request had invalid authentication credentials. Expected OAuth 2 access token, login cookie or other valid authentication credential. See https://developers.google.com/identity/sign-in/web/devconsole-project.
    at module.exports (/home/insane/.nvm/versions/node/v12.16.1/lib/node_modules/firebase-tools/lib/responseToError.js:38:12)
    at Request._callback (/home/insane/.nvm/versions/node/v12.16.1/lib/node_modules/firebase-tools/lib/api.js:40:35)
    at Request.self.callback (/home/insane/.nvm/versions/node/v12.16.1/lib/node_modules/firebase-tools/node_modules/request/request.js:185:22)
    at Request.emit (events.js:311:20)
    at Request.EventEmitter.emit (domain.js:482:12)
    at Request.<anonymous> (/home/insane/.nvm/versions/node/v12.16.1/lib/node_modules/firebase-tools/node_modules/request/request.js:1154:10)
    at Request.emit (events.js:311:20)
    at Request.EventEmitter.emit (domain.js:482:12)
    at IncomingMessage.<anonymous> (/home/insane/.nvm/versions/node/v12.16.1/lib/node_modules/firebase-tools/node_modules/request/request.js:1076:12)
    at Object.onceWrapper (events.js:417:28)
    at IncomingMessage.emit (events.js:323:22)
    at IncomingMessage.EventEmitter.emit (domain.js:482:12)
    at endReadableNT (_stream_readable.js:1204:12)
    at processTicksAndRejections (internal/process/task_queues.js:84:21)
[error] 
[error] Error: Failed to list available Google Cloud Platform projects. See firebase-debug.log for more info.
